# JRE version: OpenJDK Runtime Environment (17.0.1+12) (build 17.0.1+12-39)
# Java VM: OpenJDK 64-Bit Server VM (17.0.1+12-39, mixed mode, emulated-client, sharing, tiered, compressed oops, compressed class ptrs, g1 gc, windows-amd64)
GC Precious Log:
 CPUs: 4 total, 4 available
 Memory: 8063M
 Large Page Support: Disabled
 NUMA Support: Disabled
 Compressed Oops: Enabled (32-bit)
 Heap Region Size: 1M
 Heap Min Capacity: 8M
 Heap Initial Capacity: 126M
 Heap Max Capacity: 2016M
 Pre-touch: Disabled
 Parallel Workers: 4
 Concurrent Workers: 1
 Concurrent Refinement Workers: 4
 Periodic GC: Disabled
Heap:
 garbage-first heap   total 129024K, used 32768K [0x0000000082000000, 0x0000000100000000)
  region size 1024K, 6 young (6144K), 6 survivors (6144K)
 Metaspace       used 20396K, committed 20672K, reserved 1073152K
  class space    used 2790K, committed 2944K, reserved 1048576K
GC Heap History (11 events):
Event: 0.077 GC heap before
{Heap before GC invocations=0 (full 0):
 garbage-first heap   total 129024K, used 12288K [0x0000000082000000, 0x0000000100000000)
  region size 1024K, 13 young (13312K), 0 survivors (0K)
 Metaspace       used 112K, committed 192K, reserved 1056768K
  class space    used 7K, committed 64K, reserved 1048576K
}
Event: 0.079 GC heap after
{Heap after GC invocations=1 (full 0):
 garbage-first heap   total 129024K, used 698K [0x0000000082000000, 0x0000000100000000)
  region size 1024K, 1 young (1024K), 1 survivors (1024K)
 Metaspace       used 112K, committed 192K, reserved 1056768K
  class space    used 7K, committed 64K, reserved 1048576K
}
Event: 0.086 GC heap before
{Heap before GC invocations=1 (full 0):
 garbage-first heap   total 129024K, used 20154K [0x0000000082000000, 0x0000000100000000)
  region size 1024K, 21 young (21504K), 1 survivors (1024K)
 Metaspace       used 112K, committed 192K, reserved 1056768K
  class space    used 7K, committed 64K, reserved 1048576K
}
Event: 0.087 GC heap after
{Heap after GC invocations=2 (full 0):
 garbage-first heap   total 129024K, used 698K [0x0000000082000000, 0x0000000100000000)
  region size 1024K, 1 young (1024K), 1 survivors (1024K)
 Metaspace       used 112K, committed 192K, reserved 1056768K
  class space    used 7K, committed 64K, reserved 1048576K
}
Event: 1.302 GC heap before
{Heap before GC invocations=2 (full 0):
 garbage-first heap   total 129024K, used 77498K [0x0000000082000000, 0x0000000100000000)
  region size 1024K, 75 young (76800K), 1 survivors (1024K)
 Metaspace       used 10990K, committed 11200K, reserved 1064960K
  class space    used 1564K, committed 1664K, reserved 1048576K
}
Event: 1.312 GC heap after
{Heap after GC invocations=3 (full 0):
 garbage-first heap   total 129024K, used 23067K [0x0000000082000000, 0x0000000100000000)
  region size 1024K, 10 young (10240K), 10 survivors (10240K)
 Metaspace       used 10990K, committed 11200K, reserved 1064960K
  class space    used 1564K, committed 1664K, reserved 1048576K
}
Event: 1.913 GC heap before
{Heap before GC invocations=3 (full 0):
 garbage-first heap   total 129024K, used 75291K [0x0000000082000000, 0x0000000100000000)
  region size 1024K, 61 young (62464K), 10 survivors (10240K)
 Metaspace       used 19972K, committed 20224K, reserved 1073152K
  class space    used 2704K, committed 2816K, reserved 1048576K
}
Event: 1.924 GC heap after
{Heap after GC invocations=4 (full 0):
 garbage-first heap   total 129024K, used 26877K [0x0000000082000000, 0x0000000100000000)
  region size 1024K, 4 young (4096K), 4 survivors (4096K)
 Metaspace       used 19972K, committed 20224K, reserved 1073152K
  class space    used 2704K, committed 2816K, reserved 1048576K
}
Event: 2.419 GC heap before
{Heap before GC invocations=4 (full 0):
 garbage-first heap   total 129024K, used 82173K [0x0000000082000000, 0x0000000100000000)
  region size 1024K, 59 young (60416K), 4 survivors (4096K)
 Metaspace       used 20367K, committed 20672K, reserved 1073152K
  class space    used 2783K, committed 2944K, reserved 1048576K
}
Event: 2.426 GC heap after
{Heap after GC invocations=5 (full 0):
 garbage-first heap   total 129024K, used 30168K [0x0000000082000000, 0x0000000100000000)
  region size 1024K, 7 young (7168K), 7 survivors (7168K)
 Metaspace       used 20367K, committed 20672K, reserved 1073152K
  class space    used 2783K, committed 2944K, reserved 1048576K
}
Event: 2.904 GC heap before
{Heap before GC invocations=5 (full 0):
 garbage-first heap   total 129024K, used 88536K [0x0000000082000000, 0x0000000100000000)
  region size 1024K, 64 young (65536K), 7 survivors (7168K)
 Metaspace       used 20396K, committed 20672K, reserved 1073152K
  class space    used 2790K, committed 2944K, reserved 1048576K
}

