# JRE version: OpenJDK Runtime Environment (17.0.1+12) (build 17.0.1+12-39)
# Java VM: OpenJDK 64-Bit Server VM (17.0.1+12-39, mixed mode, emulated-client, sharing, tiered, compressed oops, compressed class ptrs, g1 gc, windows-amd64)
GC Precious Log:
 CPUs: 4 total, 4 available
 Memory: 8063M
 Large Page Support: Disabled
 NUMA Support: Disabled
 Compressed Oops: Enabled (32-bit)
 Heap Region Size: 1M
 Heap Min Capacity: 8M
 Heap Initial Capacity: 126M
 Heap Max Capacity: 2016M
 Pre-touch: Disabled
 Parallel Workers: 4
 Concurrent Workers: 1
 Concurrent Refinement Workers: 4
 Periodic GC: Disabled
Heap:
 garbage-first heap   total 129024K, used 29246K [0x0000000082000000, 0x0000000100000000)
  region size 1024K, 6 young (6144K), 6 survivors (6144K)
 Metaspace       used 20355K, committed 20608K, reserved 1073152K
  class space    used 2779K, committed 2880K, reserved 1048576K
GC Heap History (9 events):
Event: 0.062 GC heap before
{Heap before GC invocations=0 (full 0):
 garbage-first heap   total 129024K, used 12288K [0x0000000082000000, 0x0000000100000000)
  region size 1024K, 13 young (13312K), 0 survivors (0K)
 Metaspace       used 112K, committed 192K, reserved 1056768K
  class space    used 7K, committed 64K, reserved 1048576K
}
Event: 0.064 GC heap after
{Heap after GC invocations=1 (full 0):
 garbage-first heap   total 129024K, used 709K [0x0000000082000000, 0x0000000100000000)
  region size 1024K, 1 young (1024K), 1 survivors (1024K)
 Metaspace       used 112K, committed 192K, reserved 1056768K
  class space    used 7K, committed 64K, reserved 1048576K
}
Event: 0.070 GC heap before
{Heap before GC invocations=1 (full 0):
 garbage-first heap   total 129024K, used 20165K [0x0000000082000000, 0x0000000100000000)
  region size 1024K, 21 young (21504K), 1 survivors (1024K)
 Metaspace       used 112K, committed 192K, reserved 1056768K
  class space    used 7K, committed 64K, reserved 1048576K
}
Event: 0.071 GC heap after
{Heap after GC invocations=2 (full 0):
 garbage-first heap   total 129024K, used 724K [0x0000000082000000, 0x0000000100000000)
  region size 1024K, 1 young (1024K), 1 survivors (1024K)
 Metaspace       used 112K, committed 192K, reserved 1056768K
  class space    used 7K, committed 64K, reserved 1048576K
}
Event: 1.096 GC heap before
{Heap before GC invocations=2 (full 0):
 garbage-first heap   total 129024K, used 77524K [0x0000000082000000, 0x0000000100000000)
  region size 1024K, 75 young (76800K), 1 survivors (1024K)
 Metaspace       used 10939K, committed 11136K, reserved 1064960K
  class space    used 1556K, committed 1664K, reserved 1048576K
}
Event: 1.108 GC heap after
{Heap after GC invocations=3 (full 0):
 garbage-first heap   total 129024K, used 23317K [0x0000000082000000, 0x0000000100000000)
  region size 1024K, 10 young (10240K), 10 survivors (10240K)
 Metaspace       used 10939K, committed 11136K, reserved 1064960K
  class space    used 1556K, committed 1664K, reserved 1048576K
}
Event: 1.424 GC heap before
{Heap before GC invocations=3 (full 0):
 garbage-first heap   total 129024K, used 61205K [0x0000000082000000, 0x0000000100000000)
  region size 1024K, 47 young (48128K), 10 survivors (10240K)
 Metaspace       used 18027K, committed 18304K, reserved 1073152K
  class space    used 2449K, committed 2560K, reserved 1048576K
}
Event: 1.431 GC heap after
{Heap after GC invocations=4 (full 0):
 garbage-first heap   total 129024K, used 26042K [0x0000000082000000, 0x0000000100000000)
  region size 1024K, 3 young (3072K), 3 survivors (3072K)
 Metaspace       used 18027K, committed 18304K, reserved 1073152K
  class space    used 2449K, committed 2560K, reserved 1048576K
}
Event: 1.995 GC heap before
{Heap before GC invocations=4 (full 0):
 garbage-first heap   total 129024K, used 81338K [0x0000000082000000, 0x0000000100000000)
  region size 1024K, 58 young (59392K), 3 survivors (3072K)
 Metaspace       used 20355K, committed 20608K, reserved 1073152K
  class space    used 2779K, committed 2880K, reserved 1048576K
}

